{
  "RSpec": {
    "coverage": {
      "/Users/millstone/Turing/2Module/LaughTracks/config/environment.rb": [
        1,
        1,
        null,
        null,
        1,
        null,
        null,
        2,
        null,
        null,
        3,
        null,
        null,
        1,
        null,
        null,
        1,
        1,
        1,
        1,
        1,
        null,
        null
      ],
      "/Users/millstone/Turing/2Module/LaughTracks/app/controllers/laugh_tracks_app.rb": [
        1,
        null,
        1,
        1,
        1,
        1,
        null,
        null,
        null,
        null
      ],
      "/Users/millstone/Turing/2Module/LaughTracks/app/models/special.rb": [
        1,
        1,
        1,
        null,
        1,
        0,
        null,
        null,
        null
      ],
      "/Users/millstone/Turing/2Module/LaughTracks/app/models/comedian.rb": [
        1,
        1,
        1,
        null,
        1,
        1,
        null,
        null
      ],
      "/Users/millstone/Turing/2Module/LaughTracks/config/database.rb": [
        null,
        1,
        1,
        null,
        null,
        1,
        1,
        null,
        null,
        null,
        null,
        null,
        null,
        null
      ],
      "/Users/millstone/Turing/2Module/LaughTracks/spec/features/user_story_1_spec.rb": [
        1,
        1,
        1,
        1,
        1,
        1,
        null,
        1,
        1,
        null,
        1,
        1,
        1,
        1,
        1,
        null,
        null,
        null
      ],
      "/Users/millstone/Turing/2Module/LaughTracks/spec/models/comedian_spec.rb": [
        1,
        1,
        1,
        1,
        1,
        1,
        null,
        null,
        1,
        1,
        1,
        null,
        null,
        null,
        null
      ],
      "/Users/millstone/Turing/2Module/LaughTracks/spec/models/special_spec.rb": [
        1,
        1,
        null,
        1,
        1,
        1,
        null,
        1,
        null,
        null,
        null,
        null
      ]
    },
    "timestamp": 1539015078
  }
}
